<?xml version="1.0" encoding="UTF-8"?>
<!-- Generated by org.testng.reporters.JUnitReportReporter -->
<testsuite skipped="0" hostname="GENESIS" name="qaautomation.maret2023.CommonTest" tests="1" failures="0" timestamp="2023-03-05T11:36:50 ICT" time="10.812" errors="0">
  <testcase name="testSwitching" time="10.812" classname="qaautomation.maret2023.CommonTest"/>
  <system-out/>
</testsuite> <!-- qaautomation.maret2023.CommonTest -->
