<?xml version="1.0" encoding="UTF-8"?>
<!-- Generated by org.testng.reporters.JUnitReportReporter -->
<testsuite skipped="0" hostname="GENESIS" name="qaautomation.maret2023.APITestAfterRefactor" tests="3" failures="0" timestamp="2023-03-18T11:37:52 ICT" time="12.250" errors="0">
  <testcase name="dashboardAPIWithoutToken" time="5.098" classname="qaautomation.maret2023.APITestAfterRefactor"/>
  <system-out/>
  <testcase name="userAPI" time="3.448" classname="qaautomation.maret2023.APITestAfterRefactor"/>
  <system-out/>
  <testcase name="dashboardAPIUsingScehmaInCode" time="3.704" classname="qaautomation.maret2023.APITestAfterRefactor"/>
  <system-out/>
</testsuite> <!-- qaautomation.maret2023.APITestAfterRefactor -->
