<?xml version="1.0" encoding="UTF-8"?>
<!-- Generated by org.testng.reporters.JUnitReportReporter -->
<testsuite skipped="0" hostname="GENESIS" name="qaautomation.maret2023.GraphQLTest" tests="1" failures="0" timestamp="2023-03-18T10:28:40 ICT" time="2.269" errors="0">
  <testcase name="checkGenus" time="2.269" classname="qaautomation.maret2023.GraphQLTest"/>
  <system-out/>
</testsuite> <!-- qaautomation.maret2023.GraphQLTest -->
