<?xml version="1.0" encoding="UTF-8"?>
<!-- Generated by org.testng.reporters.JUnitReportReporter -->
<testsuite skipped="0" hostname="GENESIS" name="qaautomation.maret2023.WebTestUsingBeforeAfter" tests="3" failures="0" timestamp="2023-03-04T11:11:34 ICT" time="20.690" errors="0">
  <testcase name="testWrongUsername" time="6.669" classname="qaautomation.maret2023.WebTestUsingBeforeAfter"/>
  <system-out/>
  <testcase name="testWrongPassword" time="7.435" classname="qaautomation.maret2023.WebTestUsingBeforeAfter"/>
  <system-out/>
  <testcase name="testLogin" time="6.586" classname="qaautomation.maret2023.WebTestUsingBeforeAfter"/>
  <system-out/>
</testsuite> <!-- qaautomation.maret2023.WebTestUsingBeforeAfter -->
