<?xml version="1.0" encoding="UTF-8"?>
<!-- Generated by org.testng.reporters.JUnitReportReporter -->
<testsuite skipped="0" hostname="GENESIS" name="qaautomation.maret2023.APITest" tests="3" failures="0" timestamp="2023-03-12T11:22:49 ICT" time="7.310" errors="0">
  <testcase name="loginAPI" time="3.758" classname="qaautomation.maret2023.APITest"/>
  <system-out/>
  <testcase name="dashboardAPI" time="1.681" classname="qaautomation.maret2023.APITest"/>
  <system-out/>
  <testcase name="userAPI" time="1.871" classname="qaautomation.maret2023.APITest"/>
  <system-out/>
</testsuite> <!-- qaautomation.maret2023.APITest -->
