<?xml version="1.0" encoding="UTF-8"?>
<!-- Generated by org.testng.reporters.JUnitReportReporter -->
<testsuite skipped="0" hostname="GENESIS" name="qaautomation.maret2023.WebTestUsingThreadLocalParalel" tests="3" failures="0" timestamp="2023-03-05T12:39:43 ICT" time="23.582" errors="0">
  <testcase name="testLogin" time="10.537" classname="qaautomation.maret2023.WebTestUsingThreadLocalParalel"/>
  <system-out/>
  <testcase name="testWrongPassword" time="6.599" classname="qaautomation.maret2023.WebTestUsingThreadLocalParalel"/>
  <system-out/>
  <testcase name="testWrongUsername" time="6.446" classname="qaautomation.maret2023.WebTestUsingThreadLocalParalel"/>
  <system-out/>
</testsuite> <!-- qaautomation.maret2023.WebTestUsingThreadLocalParalel -->
